2017/11/26_20:50:07 [ERROR]  Error configure ture1
2017/11/26_21:04:02 [INFO]   Start monitor user.
2017/11/26_21:04:02 [ERROR]  Error configure ture1
2017/11/26_21:04:02 [INFO]   monitor root user: 1
2017/11/26_21:04:02 [INFO]   monitor user info change:1
2017/11/26_21:04:02 [INFO]   monitor userinfo change:1
2017/11/26_21:04:02 [INFO]   scan_frequency:5
2017/11/26_21:04:48 [INFO]   Start monitor user.
2017/11/26_21:04:48 [ERROR]  Error configure ture1
2017/11/26_21:04:48 [INFO]   monitor root user: 1
2017/11/26_21:04:48 [INFO]   monitor user info change:1
2017/11/26_21:04:48 [INFO]   monitor userinfo change:1
2017/11/26_21:04:48 [INFO]   scan_frequency:5
2017/11/26_21:05:11 [INFO]   Start monitor user.
2017/11/26_21:05:11 [ERROR]  Error configure ture1
2017/11/26_21:05:11 [INFO]   monitor root user: 1
2017/11/26_21:05:11 [INFO]   monitor user info change:1
2017/11/26_21:05:11 [INFO]   monitor userinfo change:1
2017/11/26_21:05:11 [INFO]   scan_frequency:5
2017/11/26_21:05:29 [INFO]   Start monitor user.
2017/11/26_21:05:29 [ERROR]  Error configure ture1
2017/11/26_21:05:29 [INFO]   monitor root user: 1
2017/11/26_21:05:29 [INFO]   monitor user info change:1
2017/11/26_21:05:29 [INFO]   monitor userinfo change:1
2017/11/26_21:05:29 [INFO]   scan_frequency:5
2017/11/26_21:05:41 [INFO]   Start monitor user.
2017/11/26_21:05:41 [ERROR]  Error configure ture1
2017/11/26_21:05:41 [INFO]   monitor root user: 1
2017/11/26_21:05:41 [INFO]   monitor user info change:1
2017/11/26_21:05:41 [INFO]   monitor userinfo change:1
2017/11/26_21:05:41 [INFO]   scan_frequency:5
2017/11/26_21:05:54 [INFO]   Start monitor user.
2017/11/26_21:05:54 [ERROR]  Error configure ture1
2017/11/26_21:05:54 [INFO]   monitor root user: 1
2017/11/26_21:05:54 [INFO]   monitor user info change:1
2017/11/26_21:05:54 [INFO]   monitor userinfo change:1
2017/11/26_21:05:54 [INFO]   scan_frequency:5
2017/11/26_21:08:01 [INFO]   Start monitor user.
2017/11/26_21:08:01 [ERROR]  Error configure ture1
2017/11/26_21:08:01 [INFO]   monitor root user: 1
2017/11/26_21:08:01 [INFO]   monitor user info change:1
2017/11/26_21:08:01 [INFO]   monitor userinfo change:1
2017/11/26_21:08:01 [INFO]   scan_frequency:5
2017/11/26_21:11:42 [INFO]   Start monitor user.
2017/11/26_21:11:42 [ERROR]  Error configure ture1
2017/11/26_21:11:42 [INFO]   monitor root user: 1
2017/11/26_21:11:42 [INFO]   monitor user info change:1
2017/11/26_21:11:42 [INFO]   monitor userinfo change:1
2017/11/26_21:11:42 [INFO]   scan_frequency:5
2017/11/26_21:18:40 [INFO]   Start monitor user.
2017/11/26_21:18:40 [ERROR]  Error configure ture1
2017/11/26_21:18:40 [INFO]   monitor root user: 1
2017/11/26_21:18:40 [INFO]   monitor user info change:1
2017/11/26_21:18:40 [INFO]   monitor userinfo change:1
2017/11/26_21:18:40 [INFO]   scan_frequency:5
2017/11/26_21:19:30 [INFO]   Start monitor user.
2017/11/26_21:19:30 [ERROR]  Error configure ture1
2017/11/26_21:19:30 [INFO]   monitor root user: 1
2017/11/26_21:19:30 [INFO]   monitor user info change:1
2017/11/26_21:19:30 [INFO]   monitor userinfo change:1
2017/11/26_21:19:30 [INFO]   scan_frequency:5
2017/11/26_21:22:05 [INFO]   Start monitor user.
2017/11/26_21:22:05 [ERROR]  Error configure ture1
2017/11/26_21:22:05 [INFO]   monitor root user: 1
2017/11/26_21:22:05 [INFO]   monitor user info change:1
2017/11/26_21:22:05 [INFO]   monitor userinfo change:1
2017/11/26_21:22:05 [INFO]   scan_frequency:5
2017/11/26_21:22:47 [INFO]   Start monitor user.
2017/11/26_21:22:47 [ERROR]  Error configure ture1
2017/11/26_21:22:47 [INFO]   monitor root user: 1
2017/11/26_21:22:47 [INFO]   monitor user info change:1
2017/11/26_21:22:47 [INFO]   monitor userinfo change:1
2017/11/26_21:22:47 [INFO]   scan_frequency:5
2017/11/26_21:24:01 [INFO]   Start monitor user.
2017/11/26_21:24:01 [ERROR]  Error configure ture1
2017/11/26_21:24:01 [INFO]   monitor root user: 1
2017/11/26_21:24:01 [INFO]   monitor user info change:1
2017/11/26_21:24:01 [INFO]   monitor userinfo change:1
2017/11/26_21:24:01 [INFO]   scan_frequency:5
2017/11/26_21:24:17 [INFO]   Start monitor user.
2017/11/26_21:24:17 [ERROR]  Error configure ture1
2017/11/26_21:24:17 [INFO]   monitor root user: 1
2017/11/26_21:24:17 [INFO]   monitor user info change:1
2017/11/26_21:24:17 [INFO]   monitor userinfo change:1
2017/11/26_21:24:17 [INFO]   scan_frequency:5
2017/11/26_21:24:38 [INFO]   Start monitor user.
2017/11/26_21:24:38 [ERROR]  Error configure ture1
2017/11/26_21:24:38 [INFO]   monitor root user: 1
2017/11/26_21:24:38 [INFO]   monitor user info change:1
2017/11/26_21:24:38 [INFO]   monitor userinfo change:1
2017/11/26_21:24:38 [INFO]   scan_frequency:5
2017/11/26_21:27:24 [INFO]   Start monitor user.
2017/11/26_21:27:24 [ERROR]  Error configure ture1
2017/11/26_21:27:24 [INFO]   monitor root user: 1
2017/11/26_21:27:24 [INFO]   monitor user info change:1
2017/11/26_21:27:24 [INFO]   monitor userinfo change:1
2017/11/26_21:27:24 [INFO]   scan_frequency:5
2017/11/26_21:27:38 [INFO]   Start monitor user.
2017/11/26_21:27:38 [ERROR]  Error configure ture1
2017/11/26_21:27:38 [INFO]   monitor root user: 1
2017/11/26_21:27:38 [INFO]   monitor user info change:1
2017/11/26_21:27:38 [INFO]   monitor userinfo change:1
2017/11/26_21:27:38 [INFO]   scan_frequency:5
2017/11/26_21:28:23 [INFO]   Start monitor user.
2017/11/26_21:28:23 [ERROR]  Error configure ture1
2017/11/26_21:28:23 [INFO]   monitor root user: 1
2017/11/26_21:28:23 [INFO]   monitor user info change:1
2017/11/26_21:28:23 [INFO]   monitor userinfo change:1
2017/11/26_21:28:23 [INFO]   scan_frequency:5
2017/11/26_21:29:18 [INFO]   Start monitor user.
2017/11/26_21:29:18 [ERROR]  Error configure ture1
2017/11/26_21:29:18 [INFO]   monitor root user: 1
2017/11/26_21:29:18 [INFO]   monitor user info change:1
2017/11/26_21:29:18 [INFO]   monitor userinfo change:1
2017/11/26_21:29:18 [INFO]   scan_frequency:5
2017/11/26_21:29:28 [INFO]   Start monitor user.
2017/11/26_21:29:28 [ERROR]  Error configure ture1
2017/11/26_21:29:28 [INFO]   monitor root user: 1
2017/11/26_21:29:28 [INFO]   monitor user info change:1
2017/11/26_21:29:28 [INFO]   monitor userinfo change:1
2017/11/26_21:29:28 [INFO]   scan_frequency:5
2017/11/26_21:29:55 [INFO]   Start monitor user.
2017/11/26_21:29:55 [ERROR]  Error configure ture1
2017/11/26_21:29:55 [INFO]   monitor root user: 1
2017/11/26_21:29:55 [INFO]   monitor user info change:1
2017/11/26_21:29:55 [INFO]   monitor userinfo change:1
2017/11/26_21:29:55 [INFO]   scan_frequency:5
2017/11/26_21:30:07 [INFO]   Start monitor user.
2017/11/26_21:30:07 [ERROR]  Error configure ture1
2017/11/26_21:30:07 [INFO]   monitor root user: 1
2017/11/26_21:30:07 [INFO]   monitor user info change:1
2017/11/26_21:30:07 [INFO]   monitor userinfo change:1
2017/11/26_21:30:07 [INFO]   scan_frequency:5
2017/11/26_21:30:56 [INFO]   Start monitor user.
2017/11/26_21:30:56 [ERROR]  Error configure ture1
2017/11/26_21:30:56 [INFO]   monitor root user: 1
2017/11/26_21:30:56 [INFO]   monitor user info change:1
2017/11/26_21:30:56 [INFO]   monitor userinfo change:1
2017/11/26_21:30:56 [INFO]   scan_frequency:5
2017/11/26_21:31:45 [INFO]   Start monitor user.
2017/11/26_21:31:45 [ERROR]  Error configure ture1
2017/11/26_21:31:45 [INFO]   monitor root user: 1
2017/11/26_21:31:45 [INFO]   monitor user info change:1
2017/11/26_21:31:45 [INFO]   monitor userinfo change:1
2017/11/26_21:31:45 [INFO]   scan_frequency:5
2017/11/26_21:39:58 [INFO]   Start monitor user.
2017/11/26_21:39:58 [ERROR]  Error configure ture1
2017/11/26_21:39:58 [INFO]   monitor root user: 1
2017/11/26_21:39:58 [INFO]   monitor user info change:1
2017/11/26_21:39:58 [INFO]   monitor userinfo change:1
2017/11/26_21:39:58 [INFO]   scan_frequency:5
2017/11/26_21:40:20 [INFO]   Start monitor user.
2017/11/26_21:40:20 [ERROR]  Error configure ture1
2017/11/26_21:40:20 [INFO]   monitor root user: 1
2017/11/26_21:40:20 [INFO]   monitor user info change:1
2017/11/26_21:40:20 [INFO]   monitor userinfo change:1
2017/11/26_21:40:20 [INFO]   scan_frequency:5
2017/11/26_21:40:30 [INFO]   Start monitor user.
2017/11/26_21:40:30 [ERROR]  Error configure ture1
2017/11/26_21:40:30 [INFO]   monitor root user: 1
2017/11/26_21:40:30 [INFO]   monitor user info change:1
2017/11/26_21:40:30 [INFO]   monitor userinfo change:1
2017/11/26_21:40:30 [INFO]   scan_frequency:5
2017/11/26_22:08:10 [INFO]   Start monitor user.
2017/11/26_22:08:10 [ERROR]  Error configure ture1
2017/11/26_22:08:10 [INFO]   monitor root user: 1
2017/11/26_22:08:10 [INFO]   monitor user info change:1
2017/11/26_22:08:10 [INFO]   monitor userinfo change:1
2017/11/26_22:08:10 [INFO]   scan_frequency:5
2017/11/26_22:08:30 [INFO]   Start monitor user.
2017/11/26_22:08:30 [ERROR]  Error configure ture1
2017/11/26_22:08:30 [INFO]   monitor root user: 1
2017/11/26_22:08:30 [INFO]   monitor user info change:1
2017/11/26_22:08:30 [INFO]   monitor userinfo change:1
2017/11/26_22:08:30 [INFO]   scan_frequency:5
2017/11/26_22:09:40 [INFO]   Start monitor user.
2017/11/26_22:09:40 [ERROR]  Error configure ture1
2017/11/26_22:09:40 [INFO]   monitor root user: 1
2017/11/26_22:09:40 [INFO]   monitor user info change:1
2017/11/26_22:09:40 [INFO]   monitor userinfo change:1
2017/11/26_22:09:40 [INFO]   scan_frequency:5
2017/11/26_22:09:54 [INFO]   Start monitor user.
2017/11/26_22:09:54 [ERROR]  Error configure ture1
2017/11/26_22:09:54 [INFO]   monitor root user: 1
2017/11/26_22:09:54 [INFO]   monitor user info change:1
2017/11/26_22:09:54 [INFO]   monitor userinfo change:1
2017/11/26_22:09:54 [INFO]   scan_frequency:5
2017/11/26_22:10:28 [INFO]   Start monitor user.
2017/11/26_22:10:28 [ERROR]  Error configure ture1
2017/11/26_22:10:28 [INFO]   monitor root user: 1
2017/11/26_22:10:28 [INFO]   monitor user info change:1
2017/11/26_22:10:28 [INFO]   monitor userinfo change:1
2017/11/26_22:10:28 [INFO]   scan_frequency:5
2017/11/26_22:14:49 [INFO]   Start monitor user.
2017/11/26_22:14:49 [ERROR]  Error configure ture1
2017/11/26_22:14:49 [INFO]   monitor root user: 1
2017/11/26_22:14:49 [INFO]   monitor user info change:1
2017/11/26_22:14:49 [INFO]   monitor userinfo change:1
2017/11/26_22:14:49 [INFO]   scan_frequency:5
2017/11/26_22:16:00 [INFO]   Start monitor user.
2017/11/26_22:16:00 [ERROR]  Error configure ture1
2017/11/26_22:16:00 [INFO]   monitor root user: 1
2017/11/26_22:16:00 [INFO]   monitor user info change:1
2017/11/26_22:16:00 [INFO]   monitor userinfo change:1
2017/11/26_22:16:00 [INFO]   scan_frequency:5
2017/11/26_22:17:39 [INFO]   Start monitor user.
2017/11/26_22:17:39 [ERROR]  Error configure ture1
2017/11/26_22:17:39 [INFO]   monitor root user: 1
2017/11/26_22:17:39 [INFO]   monitor user info change:1
2017/11/26_22:17:39 [INFO]   monitor userinfo change:1
2017/11/26_22:17:39 [INFO]   scan_frequency:5
2017/11/26_22:19:17 [INFO]   Start monitor user.
2017/11/26_22:19:17 [ERROR]  Error configure ture1
2017/11/26_22:19:17 [INFO]   monitor root user: 1
2017/11/26_22:19:17 [INFO]   monitor user info change:1
2017/11/26_22:19:17 [INFO]   monitor userinfo change:1
2017/11/26_22:19:17 [INFO]   scan_frequency:5
2017/11/26_22:20:10 [INFO]   Start monitor user.
2017/11/26_22:20:10 [ERROR]  Error configure ture1
2017/11/26_22:20:10 [INFO]   monitor root user: 1
2017/11/26_22:20:10 [INFO]   monitor user info change:1
2017/11/26_22:20:10 [INFO]   monitor userinfo change:1
2017/11/26_22:20:10 [INFO]   scan_frequency:5
2017/11/26_22:21:27 [INFO]   Start monitor user.
2017/11/26_22:21:27 [ERROR]  Error configure ture1
2017/11/26_22:21:27 [INFO]   monitor root user: 1
2017/11/26_22:21:27 [INFO]   monitor user info change:1
2017/11/26_22:21:27 [INFO]   monitor userinfo change:1
2017/11/26_22:21:27 [INFO]   scan_frequency:5
2017/11/26_22:21:56 [INFO]   Start monitor user.
2017/11/26_22:21:56 [ERROR]  Error configure ture1
2017/11/26_22:21:56 [INFO]   monitor root user: 1
2017/11/26_22:21:56 [INFO]   monitor user info change:1
2017/11/26_22:21:56 [INFO]   monitor userinfo change:1
2017/11/26_22:21:56 [INFO]   scan_frequency:5
